# JRE version: Java(TM) SE Runtime Environment (8.0_201-b09) (build 1.8.0_201-b09)
# Java VM: Java HotSpot(TM) 64-Bit Server VM (25.201-b09 mixed mode windows-amd64 compressed oops)
Heap:
 PSYoungGen      total 70656K, used 15452K [0x00000000d6200000, 0x00000000dac00000, 0x0000000100000000)
  eden space 65536K, 23% used [0x00000000d6200000,0x00000000d7117290,0x00000000da200000)
  from space 5120K, 0% used [0x00000000da700000,0x00000000da700000,0x00000000dac00000)
  to   space 5120K, 0% used [0x00000000da200000,0x00000000da200000,0x00000000da700000)
 ParOldGen       total 90624K, used 24803K [0x0000000082600000, 0x0000000087e80000, 0x00000000d6200000)
  object space 90624K, 27% used [0x0000000082600000,0x0000000083e38df0,0x0000000087e80000)
 Metaspace       used 21505K, capacity 22688K, committed 22912K, reserved 1069056K
  class space    used 3005K, capacity 3356K, committed 3456K, reserved 1048576K
GC Heap History (10 events):
Event: 0.524 GC heap before
{Heap before GC invocations=1 (full 0):
 PSYoungGen      total 37888K, used 32768K [0x00000000d6200000, 0x00000000d8c00000, 0x0000000100000000)
  eden space 32768K, 100% used [0x00000000d6200000,0x00000000d8200000,0x00000000d8200000)
  from space 5120K, 0% used [0x00000000d8700000,0x00000000d8700000,0x00000000d8c00000)
  to   space 5120K, 0% used [0x00000000d8200000,0x00000000d8200000,0x00000000d8700000)
 ParOldGen       total 86016K, used 0K [0x0000000082600000, 0x0000000087a00000, 0x00000000d6200000)
  object space 86016K, 0% used [0x0000000082600000,0x0000000082600000,0x0000000087a00000)
 Metaspace       used 7822K, capacity 8104K, committed 8320K, reserved 1056768K
  class space    used 992K, capacity 1099K, committed 1152K, reserved 1048576K
Event: 0.526 GC heap after
Heap after GC invocations=1 (full 0):
 PSYoungGen      total 37888K, used 2221K [0x00000000d6200000, 0x00000000d8c00000, 0x0000000100000000)
  eden space 32768K, 0% used [0x00000000d6200000,0x00000000d6200000,0x00000000d8200000)
  from space 5120K, 43% used [0x00000000d8200000,0x00000000d842b408,0x00000000d8700000)
  to   space 5120K, 0% used [0x00000000d8700000,0x00000000d8700000,0x00000000d8c00000)
 ParOldGen       total 86016K, used 8K [0x0000000082600000, 0x0000000087a00000, 0x00000000d6200000)
  object space 86016K, 0% used [0x0000000082600000,0x0000000082602000,0x0000000087a00000)
 Metaspace       used 7822K, capacity 8104K, committed 8320K, reserved 1056768K
  class space    used 992K, capacity 1099K, committed 1152K, reserved 1048576K
}
Event: 1.101 GC heap before
{Heap before GC invocations=2 (full 0):
 PSYoungGen      total 37888K, used 34989K [0x00000000d6200000, 0x00000000d8c00000, 0x0000000100000000)
  eden space 32768K, 100% used [0x00000000d6200000,0x00000000d8200000,0x00000000d8200000)
  from space 5120K, 43% used [0x00000000d8200000,0x00000000d842b408,0x00000000d8700000)
  to   space 5120K, 0% used [0x00000000d8700000,0x00000000d8700000,0x00000000d8c00000)
 ParOldGen       total 86016K, used 8K [0x0000000082600000, 0x0000000087a00000, 0x00000000d6200000)
  object space 86016K, 0% used [0x0000000082600000,0x0000000082602000,0x0000000087a00000)
 Metaspace       used 16043K, capacity 16724K, committed 16896K, reserved 1062912K
  class space    used 2265K, capacity 2533K, committed 2560K, reserved 1048576K
Event: 1.108 GC heap after
Heap after GC invocations=2 (full 0):
 PSYoungGen      total 37888K, used 5108K [0x00000000d6200000, 0x00000000d8c00000, 0x0000000100000000)
  eden space 32768K, 0% used [0x00000000d6200000,0x00000000d6200000,0x00000000d8200000)
  from space 5120K, 99% used [0x00000000d8700000,0x00000000d8bfd040,0x00000000d8c00000)
  to   space 5120K, 0% used [0x00000000d8200000,0x00000000d8200000,0x00000000d8700000)
 ParOldGen       total 86016K, used 1680K [0x0000000082600000, 0x0000000087a00000, 0x00000000d6200000)
  object space 86016K, 1% used [0x0000000082600000,0x00000000827a4090,0x0000000087a00000)
 Metaspace       used 16043K, capacity 16724K, committed 16896K, reserved 1062912K
  class space    used 2265K, capacity 2533K, committed 2560K, reserved 1048576K
}
Event: 1.520 GC heap before
{Heap before GC invocations=3 (full 0):
 PSYoungGen      total 37888K, used 37876K [0x00000000d6200000, 0x00000000d8c00000, 0x0000000100000000)
  eden space 32768K, 100% used [0x00000000d6200000,0x00000000d8200000,0x00000000d8200000)
  from space 5120K, 99% used [0x00000000d8700000,0x00000000d8bfd040,0x00000000d8c00000)
  to   space 5120K, 0% used [0x00000000d8200000,0x00000000d8200000,0x00000000d8700000)
 ParOldGen       total 86016K, used 1680K [0x0000000082600000, 0x0000000087a00000, 0x00000000d6200000)
  object space 86016K, 1% used [0x0000000082600000,0x00000000827a4090,0x0000000087a00000)
 Metaspace       used 17245K, capacity 18028K, committed 18048K, reserved 1064960K
  class space    used 2405K, capacity 2686K, committed 2688K, reserved 1048576K
Event: 1.536 GC heap after
Heap after GC invocations=3 (full 0):
 PSYoungGen      total 37888K, used 5113K [0x00000000d6200000, 0x00000000dac00000, 0x0000000100000000)
  eden space 32768K, 0% used [0x00000000d6200000,0x00000000d6200000,0x00000000d8200000)
  from space 5120K, 99% used [0x00000000d8200000,0x00000000d86fe7f0,0x00000000d8700000)
  to   space 5120K, 0% used [0x00000000da700000,0x00000000da700000,0x00000000dac00000)
 ParOldGen       total 86016K, used 12033K [0x0000000082600000, 0x0000000087a00000, 0x00000000d6200000)
  object space 86016K, 13% used [0x0000000082600000,0x00000000831c06a8,0x0000000087a00000)
 Metaspace       used 17245K, capacity 18028K, committed 18048K, reserved 1064960K
  class space    used 2405K, capacity 2686K, committed 2688K, reserved 1048576K
}
Event: 2.161 GC heap before
{Heap before GC invocations=4 (full 0):
 PSYoungGen      total 37888K, used 29017K [0x00000000d6200000, 0x00000000dac00000, 0x0000000100000000)
  eden space 32768K, 72% used [0x00000000d6200000,0x00000000d7957c88,0x00000000d8200000)
  from space 5120K, 99% used [0x00000000d8200000,0x00000000d86fe7f0,0x00000000d8700000)
  to   space 5120K, 0% used [0x00000000da700000,0x00000000da700000,0x00000000dac00000)
 ParOldGen       total 86016K, used 12033K [0x0000000082600000, 0x0000000087a00000, 0x00000000d6200000)
  object space 86016K, 13% used [0x0000000082600000,0x00000000831c06a8,0x0000000087a00000)
 Metaspace       used 20102K, capacity 21146K, committed 21296K, reserved 1067008K
  class space    used 2855K, capacity 3213K, committed 3328K, reserved 1048576K
Event: 2.185 GC heap after
Heap after GC invocations=4 (full 0):
 PSYoungGen      total 70656K, used 5088K [0x00000000d6200000, 0x00000000dac00000, 0x0000000100000000)
  eden space 65536K, 0% used [0x00000000d6200000,0x00000000d6200000,0x00000000da200000)
  from space 5120K, 99% used [0x00000000da700000,0x00000000dabf8040,0x00000000dac00000)
  to   space 5120K, 0% used [0x00000000da200000,0x00000000da200000,0x00000000da700000)
 ParOldGen       total 86016K, used 22151K [0x0000000082600000, 0x0000000087a00000, 0x00000000d6200000)
  object space 86016K, 25% used [0x0000000082600000,0x0000000083ba1ed8,0x0000000087a00000)
 Metaspace       used 20102K, capacity 21146K, committed 21296K, reserved 1067008K
  class space    used 2855K, capacity 3213K, committed 3328K, reserved 1048576K
}
Event: 2.185 GC heap before
{Heap before GC invocations=5 (full 1):
 PSYoungGen      total 70656K, used 5088K [0x00000000d6200000, 0x00000000dac00000, 0x0000000100000000)
  eden space 65536K, 0% used [0x00000000d6200000,0x00000000d6200000,0x00000000da200000)
  from space 5120K, 99% used [0x00000000da700000,0x00000000dabf8040,0x00000000dac00000)
  to   space 5120K, 0% used [0x00000000da200000,0x00000000da200000,0x00000000da700000)
 ParOldGen       total 86016K, used 22151K [0x0000000082600000, 0x0000000087a00000, 0x00000000d6200000)
  object space 86016K, 25% used [0x0000000082600000,0x0000000083ba1ed8,0x0000000087a00000)
 Metaspace       used 20102K, capacity 21146K, committed 21296K, reserved 1067008K
  class space    used 2855K, capacity 3213K, committed 3328K, reserved 1048576K
Event: 2.250 GC heap after
Heap after GC invocations=5 (full 1):
 PSYoungGen      total 70656K, used 0K [0x00000000d6200000, 0x00000000dac00000, 0x0000000100000000)
  eden space 65536K, 0% used [0x00000000d6200000,0x00000000d6200000,0x00000000da200000)
  from space 5120K, 0% used [0x00000000da700000,0x00000000da700000,0x00000000dac00000)
  to   space 5120K, 0% used [0x00000000da200000,0x00000000da200000,0x00000000da700000)
 ParOldGen       total 90624K, used 24803K [0x0000000082600000, 0x0000000087e80000, 0x00000000d6200000)
  object space 90624K, 27% used [0x0000000082600000,0x0000000083e38df0,0x0000000087e80000)
 Metaspace       used 20102K, capacity 21146K, committed 21296K, reserved 1067008K
  class space    used 2855K, capacity 3213K, committed 3328K, reserved 1048576K
}

